build/app/outputs/mapping/release/mapping.txt
# compiler: R8
# compiler_version: 2.1.62
# min_api: 16
# pg_map_id: bd6ce2e
# common_typos_disable
...
io.flutter.embedding.engine.FlutterEngineConnectionRegistry$DefaultFlutterAssets -> io.flutter.embedding.engine.d$b:
io.flutter.embedding.engine.FlutterEngineConnectionRegistry$FlutterEngineActivityPluginBinding -> io.flutter.embedding.engine.d$c:
    java.util.Set onNewIntentListeners -> c
    java.util.Set onUserLeaveHintListeners -> d
    java.util.Set onSaveInstanceStateListeners -> e
    java.util.Set onRequestPermissionsResultListeners -> a
    java.util.Set onActivityResultListeners -> b
    boolean onActivityResult(int,int,android.content.Intent) -> a
    void onNewIntent(android.content.Intent) -> b
    boolean onRequestPermissionsResult(int,java.lang.String[],int[]) -> c
    void onRestoreInstanceState(android.os.Bundle) -> d
    void onSaveInstanceState(android.os.Bundle) -> e
    void onUserLeaveHint() -> f
io.flutter.embedding.engine.FlutterEngineConnectionRegistry$FlutterEngineBroadcastReceiverPluginBinding -> io.flutter.embedding.engine.d$d:
io.flutter.embedding.engine.FlutterEngineConnectionRegistry$FlutterEngineContentProviderPluginBinding -> io.flutter.embedding.engine.d$e:
io.flutter.embedding.engine.FlutterEngineConnectionRegistry$FlutterEngineServicePluginBinding -> io.flutter.embedding.engine.d$f:
io.flutter.embedding.engine.FlutterJNI -> io.flutter.embedding.engine.FlutterJNI:
    void lambda$decodeImage$0(long,android.graphics.ImageDecoder,android.graphics.ImageDecoder$ImageInfo,android.graphics.ImageDecoder$Source) -> a
io.flutter.embedding.engine.FlutterJNI$AccessibilityDelegate -> io.flutter.embedding.engine.FlutterJNI$a:
    void updateSemantics(java.nio.ByteBuffer,java.lang.String[],java.nio.ByteBuffer[]) -> a
    void updateCustomAccessibilityActions(java.nio.ByteBuffer,java.lang.String[]) -> b
io.flutter.embedding.engine.FlutterJNI$AsyncWaitForVsyncDelegate -> io.flutter.embedding.engine.FlutterJNI$b:
    void asyncWaitForVsync(long) -> a
io.flutter.embedding.engine.FlutterJNI$Factory -> io.flutter.embedding.engine.FlutterJNI$c:
    io.flutter.embedding.engine.FlutterJNI provideFlutterJNI() -> a
io.flutter.embedding.engine.FlutterShellArgs -> io.flutter.embedding.engine.e:
    java.util.Set args -> a
    io.flutter.embedding.engine.FlutterShellArgs fromIntent(android.content.Intent) -> a
    java.lang.String[] toArray() -> b
io.flutter.embedding.engine.dart.-$$Lambda$DartMessenger$6ZD1MYkhaLxyPjtoFDxe45u43DI -> io.flutter.embedding.engine.f.a:
    io.flutter.embedding.engine.dart.DartMessenger f$0 -> a
    io.flutter.embedding.engine.dart.DartMessenger$HandlerInfo f$2 -> c
    long f$5 -> f
    java.nio.ByteBuffer f$3 -> d
    int f$4 -> e
    java.lang.String f$1 -> b