build/app/outputs/mapping/release/usage.txt
com.example.sitsmart.BuildConfig
com.example.sitsmart.R$integer
com.example.sitsmart.R$dimen
com.example.sitsmart.R$color
com.example.sitsmart.R$layout
com.example.sitsmart.R$style
com.example.sitsmart.R$string
com.example.sitsmart.R$id
com.example.sitsmart.R
com.example.sitsmart.R$attr
com.example.sitsmart.R$mipmap
com.example.sitsmart.R$styleable
com.example.sitsmart.R$drawable
...
com.google.common.collect.SortedMapDifference
com.google.common.base.AbstractIterator$State
kotlin.jvm.internal.LocalVariableReferencesKt
androidx.core.os.LocaleListInterface
com.google.common.collect.TreeMultimap
kotlin.random.URandomKt
com.google.common.hash.HashCode$BytesHashCode
kotlin.jvm.internal.LongSpreadBuilder
com.google.common.collect.ForwardingNavigableMap$StandardNavigableKeySet
com.google.common.primitives.ParseRequest
kotlin.jvm.internal.ArrayIteratorKt
com.google.common.reflect.MutableTypeToInstanceMap$UnmodifiableEntry$1
com.google.j2objc.annotations.LoopTranslation$LoopStyle
com.google.common.cache.LocalCache$KeySet
com.google.common.primitives.Ints$LexicographicalComparator
androidx.annotation.BinderThread
com.google.common.graph.Graphs$TransposedValueGraph
kotlin.text.StringsKt___StringsKt$groupingBy$1
com.google.common.collect.ImmutableList
io.flutter.app.FlutterActivityDelegate$ViewFactory
kotlin.sequences.SequencesKt___SequencesKt$minus$3
androidx.fragment.app.FragmentTabHost$SavedState
io.flutter.embedding.android.FlutterFragment$1
androidx.core.app.ActivityRecreator$1
com.google.common.base.CharMatcher$JavaIsoControl
com.google.common.collect.FilteredKeySetMultimap
com.google.common.io.BaseEncoding$3
androidx.core.content.pm.ShortcutManagerCompat$1
kotlin.text.StringsKt___StringsKt$windowedSequence$1
androidx.core.app.JobIntentService$CompatWorkItem
com.google.common.collect.Iterators$1
androidx.core.telephony.SubscriptionManagerCompat$Api29Impl
androidx.core.text.TextDirectionHeuristicsCompat
com.google.common.collect.ImmutableMap$MapViewOfValuesAsSingletonSets$1$1
kotlin.collections.State
androidx.annotation.Nullable
kotlin.sequences.TakeSequence
com.google.common.collect.Collections2$TransformedCollection
com.google.common.graph.BaseGraph
kotlin.DeprecatedSinceKotlin
androidx.core.content.res.ResourcesCompat$FontCallback
com.google.common.collect.Synchronized$SynchronizedCollection
kotlin.concurrent.LocksKt
kotlin.random.Random$Default
com.google.common.collect.ImmutableEnumSet
com.google.common.math.LinearTransformation$1
kotlin.collections.ArraysKt__ArraysJVMKt:
    public static final synthetic java.lang.Object[] orEmpty(java.lang.Object[])
    private static final java.lang.String toString(byte[],java.nio.charset.Charset)
    public static final synthetic java.lang.Object[] toTypedArray(java.util.Collection)
    public static final java.lang.Object[] arrayOfNulls(java.lang.Object[],int)
    public static final void copyOfRangeToIndexCheck(int,int)
    public static final int contentDeepHashCode(java.lang.Object[])
    public void <init>()
com.google.common.collect.TreeRangeMap$SubRangeMap$SubRangeMapAsMap
com.google.common.collect.Synchronized$SynchronizedSortedSet
kotlin.ULong
com.google.common.graph.ImmutableNetwork$3
kotlin.contracts.Effect
javax.annotation.Detainted
org.intellij.lang.annotations.JdkConstants$TabPlacement
io.flutter.embedding.engine.systemchannels.TextInputChannel:
    private static final java.lang.String TAG
kotlin.jvm.internal.ClassReference
androidx.core.widget.CheckedTextViewCompat$Api21Impl
com.google.common.collect.ImmutableSet$Builder
androidx.core.internal.package-info
com.google.common.collect.LinkedListMultimap$ValueForKeyIterator
io.flutter.embedding.android.AndroidTouchProcessor$PointerDeviceKind
androidx.core.widget.AutoScrollHelper$ScrollAnimationRunnable
androidx.core.view.accessibility.AccessibilityViewCommand$CommandArguments
androidx.annotation.AttrRes
androidx.core.content.pm.ActivityInfoCompat
org.intellij.lang.annotations.MagicConstant
androidx.core.view.GestureDetectorCompat
javax.annotation.MatchesPattern
androidx.core.app.Person